<?xml version="1.0" encoding="UTF-8"?>
<!-- Generated by org.testng.reporters.JUnitReportReporter -->
<testsuite hostname="NIPIN" failures="0" tests="7" name="orangehrmtest.Orangehrm" time="24.970" errors="0" timestamp="2023-05-10T11:55:04 IST" skipped="0">
  <testcase classname="orangehrmtest.Orangehrm" name="launch_website" time="0.905"/>
  <system-out/>
  <testcase classname="orangehrmtest.Orangehrm" name="enter_username_and_password" time="5.146"/>
  <system-out/>
  <testcase classname="orangehrmtest.Orangehrm" name="click_loginbutton" time="1.241"/>
  <system-out/>
  <testcase classname="orangehrmtest.Orangehrm" name="navigating_to_PIM" time="7.210"/>
  <system-out/>
  <testcase classname="orangehrmtest.Orangehrm" name="navigating_to_Add_Employee" time="5.068"/>
  <system-out/>
  <testcase classname="orangehrmtest.Orangehrm" name="entering_employee_details" time="5.133"/>
  <system-out/>
  <testcase classname="orangehrmtest.Orangehrm" name="clicking_save_button" time="0.267"/>
  <system-out/>
</testsuite> <!-- orangehrmtest.Orangehrm -->
